<?xml version="1.0" encoding="UTF-8"?>
<testsuite xmlns:xsi="http://www.w3.org/2001/XMLSchema-instance" xsi:noNamespaceSchemaLocation="https://maven.apache.org/surefire/maven-surefire-plugin/xsd/surefire-test-report-3.0.xsd" version="3.0" name="org.blackbird.requirefortesting.testmanagement.api.TestRunControllerTests" time="2.031" tests="15" errors="0" skipped="0" failures="0">
  <properties>
[...]
</properties>
  <testcase name="test_createTestRun_shouldPersistToDatabase" classname="org.blackbird.requirefortesting.testmanagement.api.TestRunControllerTests" time="0.244">
    <system-out><![CDATA[2025-06-26T12:41:21.330+02:00  INFO 40528 --- [requirefortesting] [           main] t.c.s.AnnotationConfigContextLoaderUtils : Could not detect default configuration classes for test class [org.blackbird.requirefortesting.testmanagement.api.TestRunControllerTests]: TestRunControllerTests does not declare any static, non-private, non-final, nested classes annotated with @Configuration.
2025-06-26T12:41:21.341+02:00  INFO 40528 --- [requirefortesting] [           main] .b.t.c.SpringBootTestContextBootstrapper : Found @SpringBootConfiguration org.blackbird.requirefortesting.RequirefortestingApplication for test class org.blackbird.requirefortesting.testmanagement.api.TestRunControllerTests
2025-06-26T12:41:21.344+02:00  INFO 40528 --- [requirefortesting] [           main] tc.postgres:latest                       : Creating container for image: postgres:latest
2025-06-26T12:41:21.403+02:00  INFO 40528 --- [requirefortesting] [           main] tc.postgres:latest                       : Container postgres:latest is starting: 06256d9b2f5bf726ba0017612007f293e91f2f48be6a2439706c2c4f35271335
2025-06-26T12:41:22.216+02:00  INFO 40528 --- [requirefortesting] [           main] tc.postgres:latest                       : Container postgres:latest started in PT0.87179S
2025-06-26T12:41:22.216+02:00  INFO 40528 --- [requirefortesting] [           main] tc.postgres:latest                       : Container is started (JDBC URL: jdbc:postgresql://localhost:65153/testdb?loggerLevel=OFF)
2025-06-26T12:41:22.221+02:00  INFO 40528 --- [requirefortesting] [           main] o.s.b.d.r.RestartApplicationListener     : Restart disabled due to context in which it is running

  .   ____          _            __ _ _
 /\\ / ___'_ __ _ _(_)_ __  __ _ \ \ \ \
( ( )\___ | '_ | '_| | '_ \/ _` | \ \ \ \
 \\/  ___)| |_)| | | | | || (_| |  ) ) ) )
  '  |____| .__|_| |_|_| |_\__, | / / / /
 =========|_|==============|___/=/_/_/_/

 :: Spring Boot ::                (v3.5.0)

2025-06-26T12:41:22.235+02:00  INFO 40528 --- [requirefortesting] [           main] o.b.r.t.api.TestRunControllerTests       : Starting TestRunControllerTests using Java 24 with PID 40528 (started by lucaargentino in /Users/lucaargentino/IdeaProjects/require4testing)
2025-06-26T12:41:22.235+02:00  INFO 40528 --- [requirefortesting] [           main] o.b.r.t.api.TestRunControllerTests       : No active profile set, falling back to 1 default profile: "default"
2025-06-26T12:41:22.363+02:00  INFO 40528 --- [requirefortesting] [           main] .s.d.r.c.RepositoryConfigurationDelegate : Bootstrapping Spring Data JPA repositories in DEFAULT mode.
2025-06-26T12:41:22.371+02:00  INFO 40528 --- [requirefortesting] [           main] .s.d.r.c.RepositoryConfigurationDelegate : Finished Spring Data repository scanning in 6 ms. Found 4 JPA repository interfaces.
2025-06-26T12:41:22.428+02:00  INFO 40528 --- [requirefortesting] [           main] o.hibernate.jpa.internal.util.LogHelper  : HHH000204: Processing PersistenceUnitInfo [name: default]
2025-06-26T12:41:22.429+02:00  INFO 40528 --- [requirefortesting] [           main] o.h.c.internal.RegionFactoryInitiator    : HHH000026: Second-level cache disabled
2025-06-26T12:41:22.433+02:00  INFO 40528 --- [requirefortesting] [           main] o.s.o.j.p.SpringPersistenceUnitInfo      : No LoadTimeWeaver setup: ignoring JPA class transformer
2025-06-26T12:41:22.433+02:00  INFO 40528 --- [requirefortesting] [           main] com.zaxxer.hikari.HikariDataSource       : requirefortesting - Starting...
2025-06-26T12:41:22.451+02:00  INFO 40528 --- [requirefortesting] [           main] com.zaxxer.hikari.pool.HikariPool        : requirefortesting - Added connection org.postgresql.jdbc.PgConnection@35ba45ee
2025-06-26T12:41:22.451+02:00  INFO 40528 --- [requirefortesting] [           main] com.zaxxer.hikari.HikariDataSource       : requirefortesting - Start completed.
2025-06-26T12:41:22.456+02:00  INFO 40528 --- [requirefortesting] [           main] org.hibernate.orm.connections.pooling    : HHH10001005: Database info:
	Database JDBC URL [Connecting through datasource 'HikariDataSource (requirefortesting)']
	Database driver: undefined/unknown
	Database version: 17.5
	Autocommit mode: undefined/unknown
	Isolation level: undefined/unknown
	Minimum pool size: undefined/unknown
	Maximum pool size: undefined/unknown
2025-06-26T12:41:22.489+02:00  INFO 40528 --- [requirefortesting] [           main] o.h.e.t.j.p.i.JtaPlatformInitiator       : HHH000489: No JTA platform available (set 'hibernate.transaction.jta.platform' to enable JTA platform integration)
Hibernate: set client_min_messages = WARNING
Hibernate: alter table if exists test_run_test_case drop constraint if exists FKqadb76xuguos9y2rdg1ctmxmh
Hibernate: alter table if exists test_run_test_case drop constraint if exists FKis0w7yvjujxw4yjp5ajdtco9b
Hibernate: drop table if exists event_publication cascade
Hibernate: drop table if exists requirement cascade
Hibernate: drop table if exists test_case cascade
Hibernate: drop table if exists test_run cascade
Hibernate: drop table if exists test_run_test_case cascade
Hibernate: drop table if exists user_accounts cascade
Hibernate: create table event_publication (completion_date timestamp(6) with time zone, publication_date timestamp(6) with time zone, id uuid not null, event_type varchar(255), listener_id varchar(255), serialized_event varchar(255), primary key (id))
Hibernate: create table requirement (created_at timestamp(6), created_by bigint not null, id bigint generated by default as identity, updated_at timestamp(6), description varchar(500), priority varchar(255) not null check (priority in ('HIGH','MEDIUM','LOW')), status varchar(255) not null check (status in ('OPEN','IN_PROGRESS','CLOSED')), title varchar(255) not null, primary key (id))
Hibernate: create table test_case (created_by bigint not null, creation_date timestamp(6) not null, id bigint generated by default as identity, requirement_id bigint not null, updated_at timestamp(6), description TEXT, status varchar(255) not null check (status in ('OPEN','IN_PROGRESS','CLOSED')), test_result varchar(255) check (test_result in ('PASSED','FAILED','BLOCKED','SKIPPED')), title varchar(255) not null, primary key (id))
Hibernate: create table test_run (created_by bigint not null, end_time timestamp(6) not null, id bigint generated by default as identity, start_time timestamp(6) not null, description varchar(255), status varchar(255) check (status in ('PLANNED','IN_PROGRESS','COMPLETED')), title varchar(255) not null, primary key (id))
Hibernate: create table test_run_test_case (test_case_id bigint not null, test_run_id bigint not null, primary key (test_case_id, test_run_id))
Hibernate: create table user_accounts (enabled boolean not null, id bigint generated by default as identity, email varchar(255) not null unique, password varchar(255) not null, username varchar(255) not null unique, authorities bytea array, primary key (id))
Hibernate: alter table if exists test_run_test_case add constraint FKqadb76xuguos9y2rdg1ctmxmh foreign key (test_case_id) references test_case
Hibernate: alter table if exists test_run_test_case add constraint FKis0w7yvjujxw4yjp5ajdtco9b foreign key (test_run_id) references test_run
2025-06-26T12:41:22.513+02:00  INFO 40528 --- [requirefortesting] [           main] j.LocalContainerEntityManagerFactoryBean : Initialized JPA EntityManagerFactory for persistence unit 'default'
2025-06-26T12:41:22.542+02:00  INFO 40528 --- [requirefortesting] [           main] r$InitializeUserDetailsManagerConfigurer : Global AuthenticationManager configured with UserDetailsService bean with name postgresUserDetailsService
2025-06-26T12:41:22.572+02:00  WARN 40528 --- [requirefortesting] [           main] JpaBaseConfiguration$JpaWebConfiguration : spring.jpa.open-in-view is enabled by default. Therefore, database queries may be performed during view rendering. Explicitly configure spring.jpa.open-in-view to disable this warning
2025-06-26T12:41:22.625+02:00  INFO 40528 --- [requirefortesting] [           main] o.s.b.a.e.web.EndpointLinksResolver      : Exposing 1 endpoint beneath base path '/actuator'
2025-06-26T12:41:22.727+02:00  INFO 40528 --- [requirefortesting] [           main] o.s.b.t.m.w.SpringBootMockServletContext : Initializing Spring TestDispatcherServlet ''
2025-06-26T12:41:22.727+02:00  INFO 40528 --- [requirefortesting] [           main] o.s.t.web.servlet.TestDispatcherServlet  : Initializing Servlet ''
2025-06-26T12:41:22.727+02:00  INFO 40528 --- [requirefortesting] [           main] o.s.t.web.servlet.TestDispatcherServlet  : Completed initialization in 0 ms
2025-06-26T12:41:22.741+02:00  INFO 40528 --- [requirefortesting] [           main] o.s.s.config.TaskSchedulerRouter         : No TaskScheduler/ScheduledExecutorService bean found for scheduled processing
2025-06-26T12:41:22.741+02:00  INFO 40528 --- [requirefortesting] [           main] o.b.r.t.api.TestRunControllerTests       : Started TestRunControllerTests in 0.52 seconds (process running for 8.716)
Hibernate: insert into test_run (created_by,description,end_time,start_time,status,title) values (?,?,?,?,?,?)

MockHttpServletRequest:
      HTTP Method = POST
      Request URI = /api/test-runs
       Parameters = {}
          Headers = [Content-Type:"application/json;charset=UTF-8", Authorization:"Bearer eyJhbGciOiJIUzI1NiJ9.eyJyb2xlcyI6WyJST0xFX1JFUVVJUkVNRU5UU19FTkdJTkVFUiJdLCJ1c2VySWQiOjEsInN1YiI6InRlc3R1c2VyIiwiaWF0IjoxNzUwOTM0NDgyLCJleHAiOjE3NTEwMjA4ODJ9.khOeXBzilZpa6D59GB2NInO-dWiDrajr0xyXVmdwvro", Content-Length:"142"]
             Body = {"title":"Integration Test Run","description":"Real test run","startDate":"2025-06-27T12:41:22.747755","endDate":"2025-06-28T12:41:22.747768"}
    Session Attrs = {}

Handler:
             Type = org.blackbird.requirefortesting.testmanagement.api.TestRunController
           Method = org.blackbird.requirefortesting.testmanagement.api.TestRunController#createTestRun(String, CreateTestRunDto)

Async:
    Async started = false
     Async result = null

Resolved Exception:
             Type = null

ModelAndView:
        View name = null
             View = null
            Model = null

FlashMap:
       Attributes = null

MockHttpServletResponse:
           Status = 200
    Error message = null
          Headers = [Vary:"Origin", "Access-Control-Request-Method", "Access-Control-Request-Headers", Content-Type:"application/json", X-Content-Type-Options:"nosniff", X-XSS-Protection:"0", Cache-Control:"no-cache, no-store, max-age=0, must-revalidate", Pragma:"no-cache", Expires:"0", X-Frame-Options:"DENY"]
     Content type = application/json
             Body = {"id":1,"title":"Integration Test Run","description":"Real test run","startTime":"2025-06-27T12:41:22.747755","endTime":"2025-06-28T12:41:22.747768","status":"PLANNED","createdBy":1,"testCases":[]}
    Forwarded URL = null
   Redirected URL = null
          Cookies = []
Hibernate: select tr1_0.id,tr1_0.created_by,tr1_0.description,tr1_0.end_time,tr1_0.start_time,tr1_0.status,tr1_0.title from test_run tr1_0
]]></system-out>
  </testcase>
  <testcase name="test_addTestCaseToTestRun_shouldCreateRelationship" classname="org.blackbird.requirefortesting.testmanagement.api.TestRunControllerTests" time="0.03">
    <system-out><![CDATA[Hibernate: insert into test_run (created_by,description,end_time,start_time,status,title) values (?,?,?,?,?,?)
Hibernate: insert into test_case (created_by,creation_date,description,requirement_id,status,test_result,title,updated_at) values (?,?,?,?,?,?,?,?)

MockHttpServletRequest:
      HTTP Method = POST
      Request URI = /api/test-runs/2/test-cases/1
       Parameters = {}
          Headers = []
             Body = null
    Session Attrs = {}

Handler:
             Type = org.blackbird.requirefortesting.testmanagement.api.TestRunController
           Method = org.blackbird.requirefortesting.testmanagement.api.TestRunController#addTestCaseToTestRun(Long, Long)

Async:
    Async started = false
     Async result = null

Resolved Exception:
             Type = null

ModelAndView:
        View name = null
             View = null
            Model = null

FlashMap:
       Attributes = null

MockHttpServletResponse:
           Status = 204
    Error message = null
          Headers = [Vary:"Origin", "Access-Control-Request-Method", "Access-Control-Request-Headers", X-Content-Type-Options:"nosniff", X-XSS-Protection:"0", Cache-Control:"no-cache, no-store, max-age=0, must-revalidate", Pragma:"no-cache", Expires:"0", X-Frame-Options:"DENY"]
     Content type = null
             Body = 
    Forwarded URL = null
   Redirected URL = null
          Cookies = []

MockHttpServletRequest:
      HTTP Method = GET
      Request URI = /api/test-runs/2
       Parameters = {}
          Headers = []
             Body = null
    Session Attrs = {}

Handler:
             Type = org.blackbird.requirefortesting.testmanagement.api.TestRunController
           Method = org.blackbird.requirefortesting.testmanagement.api.TestRunController#getTestRunById(Long)

Async:
    Async started = false
     Async result = null

Resolved Exception:
             Type = null

ModelAndView:
        View name = null
             View = null
            Model = null

FlashMap:
       Attributes = null

MockHttpServletResponse:
           Status = 200
    Error message = null
          Headers = [Vary:"Origin", "Access-Control-Request-Method", "Access-Control-Request-Headers", Content-Type:"application/json", X-Content-Type-Options:"nosniff", X-XSS-Protection:"0", Cache-Control:"no-cache, no-store, max-age=0, must-revalidate", Pragma:"no-cache", Expires:"0", X-Frame-Options:"DENY"]
     Content type = application/json
             Body = {"id":2,"title":"Test Run with Cases","description":null,"startTime":"2025-06-27T12:41:22.988375","endTime":"2025-06-28T12:41:22.988387","status":"PLANNED","createdBy":1,"testCases":[{"id":1,"title":"Test Case 1","description":"Test case description","requirementId":1,"status":"OPEN","testResult":null,"createdBy":1,"updatedAt":"2025-06-26T12:41:22.991741","creationDate":"2025-06-26T12:41:22.991741","testRuns":[]}]}
    Forwarded URL = null
   Redirected URL = null
          Cookies = []
]]></system-out>
  </testcase>
  <testcase name="test_updateTestRun_shouldModifyExisting" classname="org.blackbird.requirefortesting.testmanagement.api.TestRunControllerTests" time="0.012">
    <system-out><![CDATA[Hibernate: insert into test_run (created_by,description,end_time,start_time,status,title) values (?,?,?,?,?,?)

MockHttpServletRequest:
      HTTP Method = PUT
      Request URI = /api/test-runs/3
       Parameters = {}
          Headers = [Content-Type:"application/json;charset=UTF-8", Content-Length:"144"]
             Body = {"title":"Updated Test Run","description":"Updated Description","startDate":"2025-06-29T12:41:23.021386","endDate":"2025-06-30T12:41:23.021398"}
    Session Attrs = {}

Handler:
             Type = org.blackbird.requirefortesting.testmanagement.api.TestRunController
           Method = org.blackbird.requirefortesting.testmanagement.api.TestRunController#updateTestRun(Long, CreateTestRunDto)

Async:
    Async started = false
     Async result = null

Resolved Exception:
             Type = null

ModelAndView:
        View name = null
             View = null
            Model = null

FlashMap:
       Attributes = null

MockHttpServletResponse:
           Status = 200
    Error message = null
          Headers = [Vary:"Origin", "Access-Control-Request-Method", "Access-Control-Request-Headers", Content-Type:"application/json", X-Content-Type-Options:"nosniff", X-XSS-Protection:"0", Cache-Control:"no-cache, no-store, max-age=0, must-revalidate", Pragma:"no-cache", Expires:"0", X-Frame-Options:"DENY"]
     Content type = application/json
             Body = {"id":3,"title":"Updated Test Run","description":"Updated Description","startTime":"2025-06-29T12:41:23.021386","endTime":"2025-06-30T12:41:23.021398","status":"PLANNED","createdBy":1,"testCases":[]}
    Forwarded URL = null
   Redirected URL = null
          Cookies = []
]]></system-out>
  </testcase>
  <testcase name="test_deleteTestRun_shouldReturn404WhenTestRunNotFound" classname="org.blackbird.requirefortesting.testmanagement.api.TestRunControllerTests" time="0.014">
    <system-out><![CDATA[Hibernate: select tr1_0.id,tr1_0.created_by,tr1_0.description,tr1_0.end_time,tr1_0.start_time,tr1_0.status,tr1_0.title from test_run tr1_0 where tr1_0.id=?
2025-06-26T12:41:23.037+02:00  WARN 40528 --- [requirefortesting] [           main] o.b.r.shared.GlobalExceptionHandler      : Entity not found: null

MockHttpServletRequest:
      HTTP Method = DELETE
      Request URI = /api/test-runs/99999
       Parameters = {}
          Headers = []
             Body = null
    Session Attrs = {}

Handler:
             Type = org.blackbird.requirefortesting.testmanagement.api.TestRunController
           Method = org.blackbird.requirefortesting.testmanagement.api.TestRunController#deleteTestRun(Long)

Async:
    Async started = false
     Async result = null

Resolved Exception:
             Type = jakarta.persistence.EntityNotFoundException

ModelAndView:
        View name = null
             View = null
            Model = null

FlashMap:
       Attributes = null

MockHttpServletResponse:
           Status = 404
    Error message = null
          Headers = [Vary:"Origin", "Access-Control-Request-Method", "Access-Control-Request-Headers", Content-Type:"application/json", X-Content-Type-Options:"nosniff", X-XSS-Protection:"0", Cache-Control:"no-cache, no-store, max-age=0, must-revalidate", Pragma:"no-cache", Expires:"0", X-Frame-Options:"DENY"]
     Content type = application/json
             Body = {"timestamp":"2025-06-26 12:41:23","status":404,"error":"NOT_FOUND","message":null,"path":"/api/test-runs/99999"}
    Forwarded URL = null
   Redirected URL = null
          Cookies = []
]]></system-out>
  </testcase>
  <testcase name="test_createTestRun_shouldReturn400WhenEndTimeIsNull" classname="org.blackbird.requirefortesting.testmanagement.api.TestRunControllerTests" time="0.014">
    <system-out><![CDATA[
MockHttpServletRequest:
      HTTP Method = POST
      Request URI = /api/test-runs
       Parameters = {}
          Headers = [Content-Type:"application/json;charset=UTF-8", Authorization:"Bearer eyJhbGciOiJIUzI1NiJ9.eyJyb2xlcyI6WyJST0xFX1JFUVVJUkVNRU5UU19FTkdJTkVFUiJdLCJ1c2VySWQiOjEsInN1YiI6InRlc3R1c2VyIiwiaWF0IjoxNzUwOTM0NDgzLCJleHAiOjE3NTEwMjA4ODN9.xGqoiPez90fInLM3dwEQhX0t3yQ27sawCFK4REBX_ZY", Content-Length:"113"]
             Body = {"title":"Valid Title","description":"Valid description","startDate":"2025-06-27T12:41:23.046381","endDate":null}
    Session Attrs = {}

Handler:
             Type = org.blackbird.requirefortesting.testmanagement.api.TestRunController
           Method = org.blackbird.requirefortesting.testmanagement.api.TestRunController#createTestRun(String, CreateTestRunDto)

Async:
    Async started = false
     Async result = null

Resolved Exception:
             Type = java.lang.IllegalArgumentException

ModelAndView:
        View name = null
             View = null
            Model = null

FlashMap:
       Attributes = null

MockHttpServletResponse:
           Status = 400
    Error message = null
          Headers = [Vary:"Origin", "Access-Control-Request-Method", "Access-Control-Request-Headers", Content-Type:"application/json", X-Content-Type-Options:"nosniff", X-XSS-Protection:"0", Cache-Control:"no-cache, no-store, max-age=0, must-revalidate", Pragma:"no-cache", Expires:"0", X-Frame-Options:"DENY"]
     Content type = application/json
             Body = {"token":null,"username":null,"roles":null,"message":"Test run start and end dates cannot be null"}
    Forwarded URL = null
   Redirected URL = null
          Cookies = []
Hibernate: select tr1_0.id,tr1_0.created_by,tr1_0.description,tr1_0.end_time,tr1_0.start_time,tr1_0.status,tr1_0.title from test_run tr1_0
]]></system-out>
  </testcase>
  <testcase name="test_getAllTestRuns_shouldReturnAllTestRuns" classname="org.blackbird.requirefortesting.testmanagement.api.TestRunControllerTests" time="0.017">
    <system-out><![CDATA[Hibernate: insert into test_run (created_by,description,end_time,start_time,status,title) values (?,?,?,?,?,?)
Hibernate: insert into test_run (created_by,description,end_time,start_time,status,title) values (?,?,?,?,?,?)
Hibernate: select tr1_0.id,tr1_0.created_by,tr1_0.description,tr1_0.end_time,tr1_0.start_time,tr1_0.status,tr1_0.title from test_run tr1_0

MockHttpServletRequest:
      HTTP Method = GET
      Request URI = /api/test-runs
       Parameters = {}
          Headers = []
             Body = null
    Session Attrs = {}

Handler:
             Type = org.blackbird.requirefortesting.testmanagement.api.TestRunController
           Method = org.blackbird.requirefortesting.testmanagement.api.TestRunController#getAllTestRuns()

Async:
    Async started = false
     Async result = null

Resolved Exception:
             Type = null

ModelAndView:
        View name = null
             View = null
            Model = null

FlashMap:
       Attributes = null

MockHttpServletResponse:
           Status = 200
    Error message = null
          Headers = [Vary:"Origin", "Access-Control-Request-Method", "Access-Control-Request-Headers", Content-Type:"application/json", X-Content-Type-Options:"nosniff", X-XSS-Protection:"0", Cache-Control:"no-cache, no-store, max-age=0, must-revalidate", Pragma:"no-cache", Expires:"0", X-Frame-Options:"DENY"]
     Content type = application/json
             Body = [{"id":4,"title":"First Test Run","description":null,"startTime":"2025-06-27T12:41:23.060168","endTime":"2025-06-28T12:41:23.060186","status":"PLANNED","createdBy":1,"testCases":[]},{"id":5,"title":"Second Test Run","description":null,"startTime":"2025-06-29T12:41:23.060188","endTime":"2025-06-30T12:41:23.06019","status":"IN_PROGRESS","createdBy":1,"testCases":[]}]
    Forwarded URL = null
   Redirected URL = null
          Cookies = []
Hibernate: select tr1_0.id,tr1_0.created_by,tr1_0.description,tr1_0.end_time,tr1_0.start_time,tr1_0.status,tr1_0.title from test_run tr1_0
]]></system-out>
  </testcase>
  <testcase name="test_createTestRun_shouldReturn400WhenTitleIsNull" classname="org.blackbird.requirefortesting.testmanagement.api.TestRunControllerTests" time="0.009">
    <system-out><![CDATA[
MockHttpServletRequest:
      HTTP Method = POST
      Request URI = /api/test-runs
       Parameters = {}
          Headers = [Content-Type:"application/json;charset=UTF-8", Authorization:"Bearer eyJhbGciOiJIUzI1NiJ9.eyJyb2xlcyI6WyJST0xFX1JFUVVJUkVNRU5UU19FTkdJTkVFUiJdLCJ1c2VySWQiOjEsInN1YiI6InRlc3R1c2VyIiwiaWF0IjoxNzUwOTM0NDgzLCJleHAiOjE3NTEwMjA4ODN9.xGqoiPez90fInLM3dwEQhX0t3yQ27sawCFK4REBX_ZY", Content-Length:"128"]
             Body = {"title":null,"description":"Valid description","startDate":"2025-06-27T12:41:23.077015","endDate":"2025-06-28T12:41:23.077026"}
    Session Attrs = {}

Handler:
             Type = org.blackbird.requirefortesting.testmanagement.api.TestRunController
           Method = org.blackbird.requirefortesting.testmanagement.api.TestRunController#createTestRun(String, CreateTestRunDto)

Async:
    Async started = false
     Async result = null

Resolved Exception:
             Type = java.lang.IllegalArgumentException

ModelAndView:
        View name = null
             View = null
            Model = null

FlashMap:
       Attributes = null

MockHttpServletResponse:
           Status = 400
    Error message = null
          Headers = [Vary:"Origin", "Access-Control-Request-Method", "Access-Control-Request-Headers", Content-Type:"application/json", X-Content-Type-Options:"nosniff", X-XSS-Protection:"0", Cache-Control:"no-cache, no-store, max-age=0, must-revalidate", Pragma:"no-cache", Expires:"0", X-Frame-Options:"DENY"]
     Content type = application/json
             Body = {"token":null,"username":null,"roles":null,"message":"Test run title cannot be null or blank"}
    Forwarded URL = null
   Redirected URL = null
          Cookies = []
Hibernate: select tr1_0.id,tr1_0.created_by,tr1_0.description,tr1_0.end_time,tr1_0.start_time,tr1_0.status,tr1_0.title from test_run tr1_0
]]></system-out>
  </testcase>
  <testcase name="test_addTestCaseToTestRun_shouldReturn404WhenTestCaseNotFound" classname="org.blackbird.requirefortesting.testmanagement.api.TestRunControllerTests" time="0.008">
    <system-out><![CDATA[Hibernate: insert into test_run (created_by,description,end_time,start_time,status,title) values (?,?,?,?,?,?)
Hibernate: select tc1_0.id,tc1_0.created_by,tc1_0.creation_date,tc1_0.description,tc1_0.requirement_id,tc1_0.status,tc1_0.test_result,tc1_0.title,tc1_0.updated_at from test_case tc1_0 where tc1_0.id=?
2025-06-26T12:41:23.091+02:00  WARN 40528 --- [requirefortesting] [           main] o.b.r.shared.GlobalExceptionHandler      : Entity not found: null

MockHttpServletRequest:
      HTTP Method = POST
      Request URI = /api/test-runs/6/test-cases/99999
       Parameters = {}
          Headers = []
             Body = null
    Session Attrs = {}

Handler:
             Type = org.blackbird.requirefortesting.testmanagement.api.TestRunController
           Method = org.blackbird.requirefortesting.testmanagement.api.TestRunController#addTestCaseToTestRun(Long, Long)

Async:
    Async started = false
     Async result = null

Resolved Exception:
             Type = jakarta.persistence.EntityNotFoundException

ModelAndView:
        View name = null
             View = null
            Model = null

FlashMap:
       Attributes = null

MockHttpServletResponse:
           Status = 404
    Error message = null
          Headers = [Vary:"Origin", "Access-Control-Request-Method", "Access-Control-Request-Headers", Content-Type:"application/json", X-Content-Type-Options:"nosniff", X-XSS-Protection:"0", Cache-Control:"no-cache, no-store, max-age=0, must-revalidate", Pragma:"no-cache", Expires:"0", X-Frame-Options:"DENY"]
     Content type = application/json
             Body = {"timestamp":"2025-06-26 12:41:23","status":404,"error":"NOT_FOUND","message":null,"path":"/api/test-runs/6/test-cases/99999"}
    Forwarded URL = null
   Redirected URL = null
          Cookies = []
]]></system-out>
  </testcase>
  <testcase name="test_createTestRun_shouldReturn400WhenStartTimeIsNull" classname="org.blackbird.requirefortesting.testmanagement.api.TestRunControllerTests" time="0.008">
    <system-out><![CDATA[
MockHttpServletRequest:
      HTTP Method = POST
      Request URI = /api/test-runs
       Parameters = {}
          Headers = [Content-Type:"application/json;charset=UTF-8", Authorization:"Bearer eyJhbGciOiJIUzI1NiJ9.eyJyb2xlcyI6WyJST0xFX1JFUVVJUkVNRU5UU19FTkdJTkVFUiJdLCJ1c2VySWQiOjEsInN1YiI6InRlc3R1c2VyIiwiaWF0IjoxNzUwOTM0NDgzLCJleHAiOjE3NTEwMjA4ODN9.xGqoiPez90fInLM3dwEQhX0t3yQ27sawCFK4REBX_ZY", Content-Length:"113"]
             Body = {"title":"Valid Title","description":"Valid description","startDate":null,"endDate":"2025-06-28T12:41:23.095659"}
    Session Attrs = {}

Handler:
             Type = org.blackbird.requirefortesting.testmanagement.api.TestRunController
           Method = org.blackbird.requirefortesting.testmanagement.api.TestRunController#createTestRun(String, CreateTestRunDto)

Async:
    Async started = false
     Async result = null

Resolved Exception:
             Type = java.lang.IllegalArgumentException

ModelAndView:
        View name = null
             View = null
            Model = null

FlashMap:
       Attributes = null

MockHttpServletResponse:
           Status = 400
    Error message = null
          Headers = [Vary:"Origin", "Access-Control-Request-Method", "Access-Control-Request-Headers", Content-Type:"application/json", X-Content-Type-Options:"nosniff", X-XSS-Protection:"0", Cache-Control:"no-cache, no-store, max-age=0, must-revalidate", Pragma:"no-cache", Expires:"0", X-Frame-Options:"DENY"]
     Content type = application/json
             Body = {"token":null,"username":null,"roles":null,"message":"Test run start and end dates cannot be null"}
    Forwarded URL = null
   Redirected URL = null
          Cookies = []
Hibernate: select tr1_0.id,tr1_0.created_by,tr1_0.description,tr1_0.end_time,tr1_0.start_time,tr1_0.status,tr1_0.title from test_run tr1_0
]]></system-out>
  </testcase>
  <testcase name="test_createTestRun_shouldReturn400WhenEndTimeIsBeforeStartTime" classname="org.blackbird.requirefortesting.testmanagement.api.TestRunControllerTests" time="0.008">
    <system-out><![CDATA[
MockHttpServletRequest:
      HTTP Method = POST
      Request URI = /api/test-runs
       Parameters = {}
          Headers = [Content-Type:"application/json;charset=UTF-8", Authorization:"Bearer eyJhbGciOiJIUzI1NiJ9.eyJyb2xlcyI6WyJST0xFX1JFUVVJUkVNRU5UU19FTkdJTkVFUiJdLCJ1c2VySWQiOjEsInN1YiI6InRlc3R1c2VyIiwiaWF0IjoxNzUwOTM0NDgzLCJleHAiOjE3NTEwMjA4ODN9.xGqoiPez90fInLM3dwEQhX0t3yQ27sawCFK4REBX_ZY", Content-Length:"137"]
             Body = {"title":"Valid Title","description":"Valid description","startDate":"2025-06-28T12:41:23.104172","endDate":"2025-06-27T12:41:23.104182"}
    Session Attrs = {}

Handler:
             Type = org.blackbird.requirefortesting.testmanagement.api.TestRunController
           Method = org.blackbird.requirefortesting.testmanagement.api.TestRunController#createTestRun(String, CreateTestRunDto)

Async:
    Async started = false
     Async result = null

Resolved Exception:
             Type = java.lang.IllegalArgumentException

ModelAndView:
        View name = null
             View = null
            Model = null

FlashMap:
       Attributes = null

MockHttpServletResponse:
           Status = 400
    Error message = null
          Headers = [Vary:"Origin", "Access-Control-Request-Method", "Access-Control-Request-Headers", Content-Type:"application/json", X-Content-Type-Options:"nosniff", X-XSS-Protection:"0", Cache-Control:"no-cache, no-store, max-age=0, must-revalidate", Pragma:"no-cache", Expires:"0", X-Frame-Options:"DENY"]
     Content type = application/json
             Body = {"token":null,"username":null,"roles":null,"message":"Test run start date cannot be after end date"}
    Forwarded URL = null
   Redirected URL = null
          Cookies = []
Hibernate: select tr1_0.id,tr1_0.created_by,tr1_0.description,tr1_0.end_time,tr1_0.start_time,tr1_0.status,tr1_0.title from test_run tr1_0
]]></system-out>
  </testcase>
  <testcase name="test_deleteTestRun_shouldRemoveFromDatabase" classname="org.blackbird.requirefortesting.testmanagement.api.TestRunControllerTests" time="0.01">
    <system-out><![CDATA[Hibernate: insert into test_run (created_by,description,end_time,start_time,status,title) values (?,?,?,?,?,?)

MockHttpServletRequest:
      HTTP Method = DELETE
      Request URI = /api/test-runs/7
       Parameters = {}
          Headers = []
             Body = null
    Session Attrs = {}

Handler:
             Type = org.blackbird.requirefortesting.testmanagement.api.TestRunController
           Method = org.blackbird.requirefortesting.testmanagement.api.TestRunController#deleteTestRun(Long)

Async:
    Async started = false
     Async result = null

Resolved Exception:
             Type = null

ModelAndView:
        View name = null
             View = null
            Model = null

FlashMap:
       Attributes = null

MockHttpServletResponse:
           Status = 204
    Error message = null
          Headers = [Vary:"Origin", "Access-Control-Request-Method", "Access-Control-Request-Headers", X-Content-Type-Options:"nosniff", X-XSS-Protection:"0", Cache-Control:"no-cache, no-store, max-age=0, must-revalidate", Pragma:"no-cache", Expires:"0", X-Frame-Options:"DENY"]
     Content type = null
             Body = 
    Forwarded URL = null
   Redirected URL = null
          Cookies = []
]]></system-out>
  </testcase>
  <testcase name="test_updateTestRun_shouldReturn404WhenTestRunNotFound" classname="org.blackbird.requirefortesting.testmanagement.api.TestRunControllerTests" time="0.006">
    <system-out><![CDATA[Hibernate: select tr1_0.id,tr1_0.created_by,tr1_0.description,tr1_0.end_time,tr1_0.start_time,tr1_0.status,tr1_0.title from test_run tr1_0 where tr1_0.id=?
2025-06-26T12:41:23.124+02:00  WARN 40528 --- [requirefortesting] [           main] o.b.r.shared.GlobalExceptionHandler      : Entity not found: null

MockHttpServletRequest:
      HTTP Method = PUT
      Request URI = /api/test-runs/99999
       Parameters = {}
          Headers = [Content-Type:"application/json;charset=UTF-8", Content-Length:"141"]
             Body = {"title":"Updated Title","description":"Updated description","startDate":"2025-06-27T12:41:23.121903","endDate":"2025-06-28T12:41:23.121912"}
    Session Attrs = {}

Handler:
             Type = org.blackbird.requirefortesting.testmanagement.api.TestRunController
           Method = org.blackbird.requirefortesting.testmanagement.api.TestRunController#updateTestRun(Long, CreateTestRunDto)

Async:
    Async started = false
     Async result = null

Resolved Exception:
             Type = jakarta.persistence.EntityNotFoundException

ModelAndView:
        View name = null
             View = null
            Model = null

FlashMap:
       Attributes = null

MockHttpServletResponse:
           Status = 404
    Error message = null
          Headers = [Vary:"Origin", "Access-Control-Request-Method", "Access-Control-Request-Headers", Content-Type:"application/json", X-Content-Type-Options:"nosniff", X-XSS-Protection:"0", Cache-Control:"no-cache, no-store, max-age=0, must-revalidate", Pragma:"no-cache", Expires:"0", X-Frame-Options:"DENY"]
     Content type = application/json
             Body = {"timestamp":"2025-06-26 12:41:23","status":404,"error":"NOT_FOUND","message":null,"path":"/api/test-runs/99999"}
    Forwarded URL = null
   Redirected URL = null
          Cookies = []
]]></system-out>
  </testcase>
  <testcase name="test_getTestRunById_shouldReturnExistingTestRun" classname="org.blackbird.requirefortesting.testmanagement.api.TestRunControllerTests" time="0.007">
    <system-out><![CDATA[Hibernate: insert into test_run (created_by,description,end_time,start_time,status,title) values (?,?,?,?,?,?)

MockHttpServletRequest:
      HTTP Method = GET
      Request URI = /api/test-runs/8
       Parameters = {}
          Headers = []
             Body = null
    Session Attrs = {}

Handler:
             Type = org.blackbird.requirefortesting.testmanagement.api.TestRunController
           Method = org.blackbird.requirefortesting.testmanagement.api.TestRunController#getTestRunById(Long)

Async:
    Async started = false
     Async result = null

Resolved Exception:
             Type = null

ModelAndView:
        View name = null
             View = null
            Model = null

FlashMap:
       Attributes = null

MockHttpServletResponse:
           Status = 200
    Error message = null
          Headers = [Vary:"Origin", "Access-Control-Request-Method", "Access-Control-Request-Headers", Content-Type:"application/json", X-Content-Type-Options:"nosniff", X-XSS-Protection:"0", Cache-Control:"no-cache, no-store, max-age=0, must-revalidate", Pragma:"no-cache", Expires:"0", X-Frame-Options:"DENY"]
     Content type = application/json
             Body = {"id":8,"title":"Existing Test Run","description":"Existing description","startTime":"2025-06-27T12:41:23.128808","endTime":"2025-06-28T12:41:23.128816","status":"PLANNED","createdBy":1,"testCases":[]}
    Forwarded URL = null
   Redirected URL = null
          Cookies = []
]]></system-out>
  </testcase>
  <testcase name="test_getTestRunById_shouldReturn404WhenNotFound" classname="org.blackbird.requirefortesting.testmanagement.api.TestRunControllerTests" time="0.007">
    <system-out><![CDATA[Hibernate: select tr1_0.id,tr1_0.created_by,tr1_0.description,tr1_0.end_time,tr1_0.start_time,tr1_0.status,tr1_0.title from test_run tr1_0 where tr1_0.id=?
2025-06-26T12:41:23.139+02:00  WARN 40528 --- [requirefortesting] [           main] o.b.r.shared.GlobalExceptionHandler      : Entity not found: null

MockHttpServletRequest:
      HTTP Method = GET
      Request URI = /api/test-runs/99999
       Parameters = {}
          Headers = []
             Body = null
    Session Attrs = {}

Handler:
             Type = org.blackbird.requirefortesting.testmanagement.api.TestRunController
           Method = org.blackbird.requirefortesting.testmanagement.api.TestRunController#getTestRunById(Long)

Async:
    Async started = false
     Async result = null

Resolved Exception:
             Type = jakarta.persistence.EntityNotFoundException

ModelAndView:
        View name = null
             View = null
            Model = null

FlashMap:
       Attributes = null

MockHttpServletResponse:
           Status = 404
    Error message = null
          Headers = [Vary:"Origin", "Access-Control-Request-Method", "Access-Control-Request-Headers", Content-Type:"application/json", X-Content-Type-Options:"nosniff", X-XSS-Protection:"0", Cache-Control:"no-cache, no-store, max-age=0, must-revalidate", Pragma:"no-cache", Expires:"0", X-Frame-Options:"DENY"]
     Content type = application/json
             Body = {"timestamp":"2025-06-26 12:41:23","status":404,"error":"NOT_FOUND","message":null,"path":"/api/test-runs/99999"}
    Forwarded URL = null
   Redirected URL = null
          Cookies = []
]]></system-out>
  </testcase>
  <testcase name="test_addTestCaseToTestRun_shouldReturn404WhenTestRunNotFound" classname="org.blackbird.requirefortesting.testmanagement.api.TestRunControllerTests" time="0.008">
    <system-out><![CDATA[Hibernate: insert into test_case (created_by,creation_date,description,requirement_id,status,test_result,title,updated_at) values (?,?,?,?,?,?,?,?)
Hibernate: select tr1_0.id,tr1_0.created_by,tr1_0.description,tr1_0.end_time,tr1_0.start_time,tr1_0.status,tr1_0.title from test_run tr1_0 where tr1_0.id=?
2025-06-26T12:41:23.148+02:00  WARN 40528 --- [requirefortesting] [           main] o.b.r.shared.GlobalExceptionHandler      : Entity not found: null

MockHttpServletRequest:
      HTTP Method = POST
      Request URI = /api/test-runs/99999/test-cases/2
       Parameters = {}
          Headers = []
             Body = null
    Session Attrs = {}

Handler:
             Type = org.blackbird.requirefortesting.testmanagement.api.TestRunController
           Method = org.blackbird.requirefortesting.testmanagement.api.TestRunController#addTestCaseToTestRun(Long, Long)

Async:
    Async started = false
     Async result = null

Resolved Exception:
             Type = jakarta.persistence.EntityNotFoundException

ModelAndView:
        View name = null
             View = null
            Model = null

FlashMap:
       Attributes = null

MockHttpServletResponse:
           Status = 404
    Error message = null
          Headers = [Vary:"Origin", "Access-Control-Request-Method", "Access-Control-Request-Headers", Content-Type:"application/json", X-Content-Type-Options:"nosniff", X-XSS-Protection:"0", Cache-Control:"no-cache, no-store, max-age=0, must-revalidate", Pragma:"no-cache", Expires:"0", X-Frame-Options:"DENY"]
     Content type = application/json
             Body = {"timestamp":"2025-06-26 12:41:23","status":404,"error":"NOT_FOUND","message":null,"path":"/api/test-runs/99999/test-cases/2"}
    Forwarded URL = null
   Redirected URL = null
          Cookies = []
]]></system-out>
  </testcase>
</testsuite>