<?xml version="1.0" encoding="UTF-8"?>
<testsuite xmlns:xsi="http://www.w3.org/2001/XMLSchema-instance" xsi:noNamespaceSchemaLocation="https://maven.apache.org/surefire/maven-surefire-plugin/xsd/surefire-test-report-3.0.xsd" version="3.0" name="org.blackbird.requirefortesting.testmanagement.integration.TestRunIntegrationTests" time="0.609" tests="14" errors="0" skipped="0" failures="0">
  <properties>
[...]
</properties>
  <testcase name="test_createTestRun_withEmptyTitle_shouldThrowException" classname="org.blackbird.requirefortesting.testmanagement.integration.TestRunIntegrationTests" time="0.004">
    <system-out><![CDATA[2025-06-26T12:41:20.718+02:00  INFO 40528 --- [requirefortesting] [           main] t.c.s.AnnotationConfigContextLoaderUtils : Could not detect default configuration classes for test class [org.blackbird.requirefortesting.testmanagement.integration.TestRunIntegrationTests]: TestRunIntegrationTests does not declare any static, non-private, non-final, nested classes annotated with @Configuration.
2025-06-26T12:41:20.721+02:00  INFO 40528 --- [requirefortesting] [           main] .b.t.c.SpringBootTestContextBootstrapper : Found @SpringBootConfiguration org.blackbird.requirefortesting.RequirefortestingApplication for test class org.blackbird.requirefortesting.testmanagement.integration.TestRunIntegrationTests
2025-06-26T12:41:20.725+02:00  INFO 40528 --- [requirefortesting] [           main] o.s.b.d.r.RestartApplicationListener     : Restart disabled due to context in which it is running

  .   ____          _            __ _ _
 /\\ / ___'_ __ _ _(_)_ __  __ _ \ \ \ \
( ( )\___ | '_ | '_| | '_ \/ _` | \ \ \ \
 \\/  ___)| |_)| | | | | || (_| |  ) ) ) )
  '  |____| .__|_| |_|_| |_\__, | / / / /
 =========|_|==============|___/=/_/_/_/

 :: Spring Boot ::                (v3.5.0)

2025-06-26T12:41:20.740+02:00  INFO 40528 --- [requirefortesting] [           main] o.b.r.t.i.TestRunIntegrationTests        : Starting TestRunIntegrationTests using Java 24 with PID 40528 (started by lucaargentino in /Users/lucaargentino/IdeaProjects/require4testing)
2025-06-26T12:41:20.740+02:00  INFO 40528 --- [requirefortesting] [           main] o.b.r.t.i.TestRunIntegrationTests        : No active profile set, falling back to 1 default profile: "default"
2025-06-26T12:41:20.872+02:00  INFO 40528 --- [requirefortesting] [           main] .s.d.r.c.RepositoryConfigurationDelegate : Bootstrapping Spring Data JPA repositories in DEFAULT mode.
2025-06-26T12:41:20.881+02:00  INFO 40528 --- [requirefortesting] [           main] .s.d.r.c.RepositoryConfigurationDelegate : Finished Spring Data repository scanning in 8 ms. Found 4 JPA repository interfaces.
2025-06-26T12:41:20.925+02:00  INFO 40528 --- [requirefortesting] [           main] o.hibernate.jpa.internal.util.LogHelper  : HHH000204: Processing PersistenceUnitInfo [name: default]
2025-06-26T12:41:20.926+02:00  INFO 40528 --- [requirefortesting] [           main] o.h.c.internal.RegionFactoryInitiator    : HHH000026: Second-level cache disabled
2025-06-26T12:41:20.929+02:00  INFO 40528 --- [requirefortesting] [           main] o.s.o.j.p.SpringPersistenceUnitInfo      : No LoadTimeWeaver setup: ignoring JPA class transformer
2025-06-26T12:41:20.930+02:00  INFO 40528 --- [requirefortesting] [           main] com.zaxxer.hikari.HikariDataSource       : requirefortesting - Starting...
2025-06-26T12:41:20.942+02:00  INFO 40528 --- [requirefortesting] [           main] com.zaxxer.hikari.pool.HikariPool        : requirefortesting - Added connection org.postgresql.jdbc.PgConnection@611ce139
2025-06-26T12:41:20.942+02:00  INFO 40528 --- [requirefortesting] [           main] com.zaxxer.hikari.HikariDataSource       : requirefortesting - Start completed.
2025-06-26T12:41:20.947+02:00  INFO 40528 --- [requirefortesting] [           main] org.hibernate.orm.connections.pooling    : HHH10001005: Database info:
	Database JDBC URL [Connecting through datasource 'HikariDataSource (requirefortesting)']
	Database driver: undefined/unknown
	Database version: 15.13
	Autocommit mode: undefined/unknown
	Isolation level: undefined/unknown
	Minimum pool size: undefined/unknown
	Maximum pool size: undefined/unknown
2025-06-26T12:41:20.982+02:00  INFO 40528 --- [requirefortesting] [           main] o.h.e.t.j.p.i.JtaPlatformInitiator       : HHH000489: No JTA platform available (set 'hibernate.transaction.jta.platform' to enable JTA platform integration)
Hibernate: set client_min_messages = WARNING
Hibernate: alter table if exists test_run_test_case drop constraint if exists FKqadb76xuguos9y2rdg1ctmxmh
Hibernate: alter table if exists test_run_test_case drop constraint if exists FKis0w7yvjujxw4yjp5ajdtco9b
Hibernate: drop table if exists event_publication cascade
Hibernate: drop table if exists requirement cascade
Hibernate: drop table if exists test_case cascade
Hibernate: drop table if exists test_run cascade
Hibernate: drop table if exists test_run_test_case cascade
Hibernate: drop table if exists user_accounts cascade
Hibernate: create table event_publication (completion_date timestamp(6) with time zone, publication_date timestamp(6) with time zone, id uuid not null, event_type varchar(255), listener_id varchar(255), serialized_event varchar(255), primary key (id))
Hibernate: create table requirement (created_at timestamp(6), created_by bigint not null, id bigint generated by default as identity, updated_at timestamp(6), description varchar(500), priority varchar(255) not null check (priority in ('HIGH','MEDIUM','LOW')), status varchar(255) not null check (status in ('OPEN','IN_PROGRESS','CLOSED')), title varchar(255) not null, primary key (id))
Hibernate: create table test_case (created_by bigint not null, creation_date timestamp(6) not null, id bigint generated by default as identity, requirement_id bigint not null, updated_at timestamp(6), description TEXT, status varchar(255) not null check (status in ('OPEN','IN_PROGRESS','CLOSED')), test_result varchar(255) check (test_result in ('PASSED','FAILED','BLOCKED','SKIPPED')), title varchar(255) not null, primary key (id))
Hibernate: create table test_run (created_by bigint not null, end_time timestamp(6) not null, id bigint generated by default as identity, start_time timestamp(6) not null, description varchar(255), status varchar(255) check (status in ('PLANNED','IN_PROGRESS','COMPLETED')), title varchar(255) not null, primary key (id))
Hibernate: create table test_run_test_case (test_case_id bigint not null, test_run_id bigint not null, primary key (test_case_id, test_run_id))
Hibernate: create table user_accounts (enabled boolean not null, id bigint generated by default as identity, email varchar(255) not null unique, password varchar(255) not null, username varchar(255) not null unique, authorities bytea array, primary key (id))
Hibernate: alter table if exists test_run_test_case add constraint FKqadb76xuguos9y2rdg1ctmxmh foreign key (test_case_id) references test_case
Hibernate: alter table if exists test_run_test_case add constraint FKis0w7yvjujxw4yjp5ajdtco9b foreign key (test_run_id) references test_run
2025-06-26T12:41:21.007+02:00  INFO 40528 --- [requirefortesting] [           main] j.LocalContainerEntityManagerFactoryBean : Initialized JPA EntityManagerFactory for persistence unit 'default'
2025-06-26T12:41:21.046+02:00  INFO 40528 --- [requirefortesting] [           main] r$InitializeUserDetailsManagerConfigurer : Global AuthenticationManager configured with UserDetailsService bean with name postgresUserDetailsService
2025-06-26T12:41:21.080+02:00  WARN 40528 --- [requirefortesting] [           main] JpaBaseConfiguration$JpaWebConfiguration : spring.jpa.open-in-view is enabled by default. Therefore, database queries may be performed during view rendering. Explicitly configure spring.jpa.open-in-view to disable this warning
2025-06-26T12:41:21.139+02:00  INFO 40528 --- [requirefortesting] [           main] o.s.b.a.e.web.EndpointLinksResolver      : Exposing 1 endpoint beneath base path '/actuator'
2025-06-26T12:41:21.240+02:00  INFO 40528 --- [requirefortesting] [           main] o.s.s.config.TaskSchedulerRouter         : No TaskScheduler/ScheduledExecutorService bean found for scheduled processing
2025-06-26T12:41:21.241+02:00  INFO 40528 --- [requirefortesting] [           main] o.b.r.t.i.TestRunIntegrationTests        : Started TestRunIntegrationTests in 0.515 seconds (process running for 7.215)
]]></system-out>
  </testcase>
  <testcase name="test_createTestRun_withNullEndTime_shouldThrowException" classname="org.blackbird.requirefortesting.testmanagement.integration.TestRunIntegrationTests" time="0.003"/>
  <testcase name="test_createTestRun_withVeryFarFutureEndTime_shouldSucceed" classname="org.blackbird.requirefortesting.testmanagement.integration.TestRunIntegrationTests" time="0.01">
    <system-out><![CDATA[Hibernate: insert into test_run (created_by,description,end_time,start_time,status,title) values (?,?,?,?,?,?)
]]></system-out>
  </testcase>
  <testcase name="test_createTestRun_withMinimalValidDuration_shouldSucceed" classname="org.blackbird.requirefortesting.testmanagement.integration.TestRunIntegrationTests" time="0.009">
    <system-out><![CDATA[Hibernate: insert into test_run (created_by,description,end_time,start_time,status,title) values (?,?,?,?,?,?)
]]></system-out>
  </testcase>
  <testcase name="test_createTestRun_withNullTitle_shouldThrowException" classname="org.blackbird.requirefortesting.testmanagement.integration.TestRunIntegrationTests" time="0.004"/>
  <testcase name="test_createTestRun_withNullStartTime_shouldThrowException" classname="org.blackbird.requirefortesting.testmanagement.integration.TestRunIntegrationTests" time="0.003"/>
  <testcase name="test_createTestRun_withPastStartTime_shouldThrowException" classname="org.blackbird.requirefortesting.testmanagement.integration.TestRunIntegrationTests" time="0.002"/>
  <testcase name="test_createTestRun_withEmptyDescription_shouldSucceed" classname="org.blackbird.requirefortesting.testmanagement.integration.TestRunIntegrationTests" time="0.006">
    <system-out><![CDATA[Hibernate: insert into test_run (created_by,description,end_time,start_time,status,title) values (?,?,?,?,?,?)
]]></system-out>
  </testcase>
  <testcase name="test_createTestRun_withEndTimeBeforeStartTime_shouldThrowException" classname="org.blackbird.requirefortesting.testmanagement.integration.TestRunIntegrationTests" time="0.003"/>
  <testcase name="test_createTestRun_withSameStartAndEndTime_shouldThrowException" classname="org.blackbird.requirefortesting.testmanagement.integration.TestRunIntegrationTests" time="0.003"/>
  <testcase name="test_createTestRun_withUnicodeCharacters_shouldSucceed" classname="org.blackbird.requirefortesting.testmanagement.integration.TestRunIntegrationTests" time="0.008">
    <system-out><![CDATA[Hibernate: insert into test_run (created_by,description,end_time,start_time,status,title) values (?,?,?,?,?,?)
]]></system-out>
  </testcase>
  <testcase name="test_createTestRun_withNullDescription_shouldSucceed" classname="org.blackbird.requirefortesting.testmanagement.integration.TestRunIntegrationTests" time="0.007">
    <system-out><![CDATA[Hibernate: insert into test_run (created_by,description,end_time,start_time,status,title) values (?,?,?,?,?,?)
]]></system-out>
  </testcase>
  <testcase name="test_createTestRun_withSpecialCharactersInTitle_shouldSucceed" classname="org.blackbird.requirefortesting.testmanagement.integration.TestRunIntegrationTests" time="0.009">
    <system-out><![CDATA[Hibernate: insert into test_run (created_by,description,end_time,start_time,status,title) values (?,?,?,?,?,?)
]]></system-out>
  </testcase>
  <testcase name="test_saveTestRun_shouldPersistTestCase" classname="org.blackbird.requirefortesting.testmanagement.integration.TestRunIntegrationTests" time="0.007">
    <system-out><![CDATA[Hibernate: insert into test_run (created_by,description,end_time,start_time,status,title) values (?,?,?,?,?,?)
]]></system-out>
  </testcase>
</testsuite>